<?xml version="1.0" encoding="UTF-8"?>
<!-- Generated by org.testng.reporters.JUnitXMLReporter -->
<testsuite ignored="2" hostname="joe-0KPNR-ustwo" failures="0" tests="1" name="Command line test" time="8.617" errors="0" timestamp="22 Dec 2022 16:23:22 GMT">
  <testcase classname="Tests.FirstiOSTest" name="click_App_Button" time="0.88"/>
  <testcase classname="Tests.BaseTest" name="@AfterTest tearDown" time="0.0">
    <ignored/>
  </testcase> <!-- @AfterTest tearDown -->
  <testcase classname="Tests.BaseTest" name="@BeforeTest setUp" time="0.0">
    <ignored/>
  </testcase> <!-- @BeforeTest setUp -->
</testsuite> <!-- Command line test -->
