<?xml version="1.0" encoding="UTF-8"?>
<testng-results ignored="2" total="3" passed="1" failed="0" skipped="0">
  <reporter-output>
  </reporter-output>
  <suite started-at="2022-12-22T16:23:13Z" name="Command line suite" finished-at="2022-12-22T16:23:22Z" duration-ms="8617">
    <groups>
    </groups>
    <test started-at="2022-12-22T16:23:13Z" name="Command line test" finished-at="2022-12-22T16:23:22Z" duration-ms="8617">
      <class name="Tests.BaseTest">
        <test-method is-config="true" signature="setUp()[pri:0, instance:Tests.BaseTest@7a30d1e6]" started-at="2022-12-22T16:23:13Z" name="setUp" finished-at="2022-12-22T16:23:20Z" duration-ms="6672" status="PASS">
          <reporter-output>
          </reporter-output>
        </test-method> <!-- setUp -->
        <test-method is-config="true" signature="tearDown()[pri:0, instance:Tests.BaseTest@7a30d1e6]" started-at="2022-12-22T16:23:21Z" name="tearDown" finished-at="2022-12-22T16:23:22Z" duration-ms="1059" status="PASS">
          <reporter-output>
          </reporter-output>
        </test-method> <!-- tearDown -->
      </class> <!-- Tests.BaseTest -->
      <class name="Tests.FirstiOSTest">
        <test-method signature="click_App_Button()[pri:0, instance:Tests.FirstiOSTest@5891e32e]" started-at="2022-12-22T16:23:20Z" name="click_App_Button" finished-at="2022-12-22T16:23:21Z" duration-ms="880" status="PASS">
          <reporter-output>
          </reporter-output>
        </test-method> <!-- click_App_Button -->
      </class> <!-- Tests.FirstiOSTest -->
    </test> <!-- Command line test -->
  </suite> <!-- Command line suite -->
</testng-results>
